H:\CONGESTURE\PROCESSINGDATACONG - VERSION3\TEMP\STDAFX.OBJ
H:\CONGESTURE\PROCESSINGDATACONG - VERSION3\TEMP\PREPROCESSGESTUREDATA.OBJ
H:\CONGESTURE\PROCESSINGDATACONG - VERSION3\TEMP\CONNEXE.OBJ
H:\CONGESTURE\PROCESSINGDATACONG - VERSION3\TEMP\VC110.PDB
H:\CONGESTURE\PROCESSINGDATACONG - VERSION3\TEMP\PROCESSINGDATACONG.OBJ
H:\CONGESTURE\PROCESSINGDATACONG - VERSION3\BIN\PROCESSINGDATACONG.EXE
H:\CONGESTURE\PROCESSINGDATACONG - VERSION3\BIN\PROCESSINGDATACONG.PDB
H:\ConGesture\ProcessingDataConG - version3\Temp\connexe.obj
H:\ConGesture\ProcessingDataConG - version3\Temp\PreProcessGestureData.obj
H:\ConGesture\ProcessingDataConG - version3\Temp\ProcessingDataConG.obj
H:\ConGesture\ProcessingDataConG - version3\Temp\stdafx.obj
H:\ConGesture\ProcessingDataConG - version3\Temp\cl.command.1.tlog
H:\ConGesture\ProcessingDataConG - version3\Temp\CL.read.1.tlog
H:\ConGesture\ProcessingDataConG - version3\Temp\CL.write.1.tlog
H:\ConGesture\ProcessingDataConG - version3\Temp\link-cvtres.read.1.tlog
H:\ConGesture\ProcessingDataConG - version3\Temp\link-cvtres.write.1.tlog
H:\ConGesture\ProcessingDataConG - version3\Temp\link-mt.read.1.tlog
H:\ConGesture\ProcessingDataConG - version3\Temp\link-mt.write.1.tlog
H:\ConGesture\ProcessingDataConG - version3\Temp\link-rc.read.1.tlog
H:\ConGesture\ProcessingDataConG - version3\Temp\link-rc.write.1.tlog
H:\ConGesture\ProcessingDataConG - version3\Temp\link.command.1.tlog
H:\ConGesture\ProcessingDataConG - version3\Temp\link.read.1.tlog
H:\ConGesture\ProcessingDataConG - version3\Temp\link.read.3.tlog
H:\ConGesture\ProcessingDataConG - version3\Temp\link.read.4.tlog
H:\ConGesture\ProcessingDataConG - version3\Temp\link.read.5.tlog
H:\ConGesture\ProcessingDataConG - version3\Temp\link.write.1.tlog
H:\ConGesture\ProcessingDataConG - version3\Temp\mt.command.1.tlog
H:\ConGesture\ProcessingDataConG - version3\Temp\mt.read.1.tlog
H:\ConGesture\ProcessingDataConG - version3\Temp\mt.write.1.tlog
H:\ConGesture\ProcessingDataConG - version3\Temp\ProcessingDataConG.exe.intermediate.manifest
H:\ConGesture\ProcessingDataConG - version3\Temp\vc110.idb
H:\ConGesture\ProcessingDataConG - version3\Temp\vc110.pdb
H:\ConGesture\ProcessingDataConG - version3\\Bin\ProcessingDataConG.exe.manifest
H:\ConGesture\ProcessingDataConG - version3\\Bin\ProcessingDataConG.pdb
H:\ConGesture\ProcessingDataConG - version3\\Bin\ProcessingDataConG.exe
